<?xml version="1.0" encoding="UTF-8"?>
<testsuite xmlns:xsi="http://www.w3.org/2001/XMLSchema-instance" xsi:noNamespaceSchemaLocation="https://maven.apache.org/surefire/maven-surefire-plugin/xsd/surefire-test-report.xsd" version="3.0.2" name="clubdeportivo.ClubDeportivoTest" time="0.132" tests="22" errors="0" skipped="0" failures="0">
  <properties>
[...]
</properties>
  <testcase name="toString_NoHayGrupos_StringSinGrupos" classname="clubdeportivo.ClubDeportivoTest" time="0.038"/>
  <testcase name="anyadirActividad_ExisteActividad_ActualizaPlazas" classname="clubdeportivo.ClubDeportivoTest" time="0.01"/>
  <testcase name="anyadirActividad_NoExisteGrupoYHayEspacio_ActividadCreada" classname="clubdeportivo.ClubDeportivoTest" time="0.001"/>
  <testcase name="plazasLibres_ExisteActividad_DevuelveNumeroPlazas" classname="clubdeportivo.ClubDeportivoTest" time="0.001"/>
  <testcase name="matricular_ExisteActividadTienePlazas_PersonasMatriculadas" classname="clubdeportivo.ClubDeportivoTest" time="0.002"/>
  <testcase name="ingresos_HayGruposPeroNoHayMatriculados_DevuelveCero" classname="clubdeportivo.ClubDeportivoTest" time="0.002"/>
  <testcase name="anyadirActividad_NoExisteActividadYNoHayEspacio_LanzaExcepcion" classname="clubdeportivo.ClubDeportivoTest" time="0.003"/>
  <testcase name="ClubDeportivo_NgruposMenorCero_ClubDeportivoNoCreadoExcepcion" classname="clubdeportivo.ClubDeportivoTest" time="0.002"/>
  <testcase name="anyadirActividad_DatosIncorrectos_LanzaExcepcion" classname="clubdeportivo.ClubDeportivoTest" time="0.002"/>
  <testcase name="anyadirActividad_NoExisteGrupoYNoHayEspacio_LanzaExcepcion" classname="clubdeportivo.ClubDeportivoTest" time="0.002"/>
  <testcase name="anyadirActividad_GrupoNulo_LanzaExcepcion" classname="clubdeportivo.ClubDeportivoTest" time="0.001"/>
  <testcase name="matricular_ExisteActividadPersonasAMatricularCeroONegativo_LanzaExcepcion" classname="clubdeportivo.ClubDeportivoTest" time="0.002"/>
  <testcase name="toString_HayGrupos_StringConGrupos" classname="clubdeportivo.ClubDeportivoTest" time="0.001"/>
  <testcase name="ClubDeportivo_initTam_ClubDeportivoCreado" classname="clubdeportivo.ClubDeportivoTest" time="0.001"/>
  <testcase name="anyadirActividad_ExisteGrupo_ActualizaPlazas" classname="clubdeportivo.ClubDeportivoTest" time="0.001"/>
  <testcase name="anyadirActividad_NoExisteActividadYHayEspacio_ActividadCreada" classname="clubdeportivo.ClubDeportivoTest" time="0.001"/>
  <testcase name="matricular_NoExisteActividad_LanzaExcepcion" classname="clubdeportivo.ClubDeportivoTest" time="0.001"/>
  <testcase name="ingresos_NoHayGrupos_DevuelveCero" classname="clubdeportivo.ClubDeportivoTest" time="0.001"/>
  <testcase name="ingresos_HayGruposHayMatriculados_DevuelveIngresosAsociadosALosMatriculados" classname="clubdeportivo.ClubDeportivoTest" time="0.001"/>
  <testcase name="matricular_ExisteActividadNoTienePlazas_LanzaExcepcion" classname="clubdeportivo.ClubDeportivoTest" time="0.002"/>
  <testcase name="ClubDeportivo_NgruposMayorCero_ClubDeportivoCreado" classname="clubdeportivo.ClubDeportivoTest" time="0.001"/>
  <testcase name="plazasLibres_NoExisteActividad_DevuelveCero" classname="clubdeportivo.ClubDeportivoTest" time="0.001"/>
</testsuite>